# JRE version: Java(TM) SE Runtime Environment (8.0_60-b27) (build 1.8.0_60-b27)
# Java VM: Java HotSpot(TM) 64-Bit Server VM (25.60-b23 mixed mode windows-amd64 compressed oops)
Heap:
 PSYoungGen      total 83456K, used 32880K [0x00000000e0900000, 0x00000000e5c80000, 0x0000000100000000)
  eden space 81408K, 39% used [0x00000000e0900000,0x00000000e28bc278,0x00000000e5880000)
  from space 2048K, 18% used [0x00000000e5a80000,0x00000000e5ae0000,0x00000000e5c80000)
  to   space 2048K, 0% used [0x00000000e5880000,0x00000000e5880000,0x00000000e5a80000)
 ParOldGen       total 65536K, used 6603K [0x00000000a1a00000, 0x00000000a5a00000, 0x00000000e0900000)
  object space 65536K, 10% used [0x00000000a1a00000,0x00000000a2072e30,0x00000000a5a00000)
 Metaspace       used 14330K, capacity 14528K, committed 14720K, reserved 1062912K
  class space    used 1503K, capacity 1576K, committed 1664K, reserved 1048576K
GC Heap History (10 events):
Event: 67.072 GC heap before
{Heap before GC invocations=32 (full 0):
 PSYoungGen      total 49664K, used 46880K [0x00000000e0900000, 0x00000000e4080000, 0x0000000100000000)
  eden space 46592K, 100% used [0x00000000e0900000,0x00000000e3680000,0x00000000e3680000)
  from space 3072K, 9% used [0x00000000e3680000,0x00000000e36c8000,0x00000000e3980000)
  to   space 2560K, 0% used [0x00000000e3e00000,0x00000000e3e00000,0x00000000e4080000)
 ParOldGen       total 65536K, used 5827K [0x00000000a1a00000, 0x00000000a5a00000, 0x00000000e0900000)
  object space 65536K, 8% used [0x00000000a1a00000,0x00000000a1fb0ca0,0x00000000a5a00000)
 Metaspace       used 14318K, capacity 14518K, committed 14720K, reserved 1062912K
  class space    used 1501K, capacity 1573K, committed 1664K, reserved 1048576K
Event: 67.074 GC heap after
Heap after GC invocations=32 (full 0):
 PSYoungGen      total 54272K, used 352K [0x00000000e0900000, 0x00000000e4980000, 0x0000000100000000)
  eden space 51712K, 0% used [0x00000000e0900000,0x00000000e0900000,0x00000000e3b80000)
  from space 2560K, 13% used [0x00000000e3e00000,0x00000000e3e58000,0x00000000e4080000)
  to   space 2560K, 0% used [0x00000000e3b80000,0x00000000e3b80000,0x00000000e3e00000)
 ParOldGen       total 65536K, used 6011K [0x00000000a1a00000, 0x00000000a5a00000, 0x00000000e0900000)
  object space 65536K, 9% used [0x00000000a1a00000,0x00000000a1fdeca0,0x00000000a5a00000)
 Metaspace       used 14318K, capacity 14518K, committed 14720K, reserved 1062912K
  class space    used 1501K, capacity 1573K, committed 1664K, reserved 1048576K
}
Event: 67.181 GC heap before
{Heap before GC invocations=33 (full 0):
 PSYoungGen      total 54272K, used 52064K [0x00000000e0900000, 0x00000000e4980000, 0x0000000100000000)
  eden space 51712K, 100% used [0x00000000e0900000,0x00000000e3b80000,0x00000000e3b80000)
  from space 2560K, 13% used [0x00000000e3e00000,0x00000000e3e58000,0x00000000e4080000)
  to   space 2560K, 0% used [0x00000000e3b80000,0x00000000e3b80000,0x00000000e3e00000)
 ParOldGen       total 65536K, used 6011K [0x00000000a1a00000, 0x00000000a5a00000, 0x00000000e0900000)
  object space 65536K, 9% used [0x00000000a1a00000,0x00000000a1fdeca0,0x00000000a5a00000)
 Metaspace       used 14318K, capacity 14518K, committed 14720K, reserved 1062912K
  class space    used 1501K, capacity 1573K, committed 1664K, reserved 1048576K
Event: 67.182 GC heap after
Heap after GC invocations=33 (full 0):
 PSYoungGen      total 54272K, used 384K [0x00000000e0900000, 0x00000000e4d80000, 0x0000000100000000)
  eden space 51712K, 0% used [0x00000000e0900000,0x00000000e0900000,0x00000000e3b80000)
  from space 2560K, 15% used [0x00000000e3b80000,0x00000000e3be0000,0x00000000e3e00000)
  to   space 2560K, 0% used [0x00000000e4b00000,0x00000000e4b00000,0x00000000e4d80000)
 ParOldGen       total 65536K, used 6219K [0x00000000a1a00000, 0x00000000a5a00000, 0x00000000e0900000)
  object space 65536K, 9% used [0x00000000a1a00000,0x00000000a2012ca0,0x00000000a5a00000)
 Metaspace       used 14318K, capacity 14518K, committed 14720K, reserved 1062912K
  class space    used 1501K, capacity 1573K, committed 1664K, reserved 1048576K
}
Event: 68.421 GC heap before
{Heap before GC invocations=34 (full 0):
 PSYoungGen      total 54272K, used 52096K [0x00000000e0900000, 0x00000000e4d80000, 0x0000000100000000)
  eden space 51712K, 100% used [0x00000000e0900000,0x00000000e3b80000,0x00000000e3b80000)
  from space 2560K, 15% used [0x00000000e3b80000,0x00000000e3be0000,0x00000000e3e00000)
  to   space 2560K, 0% used [0x00000000e4b00000,0x00000000e4b00000,0x00000000e4d80000)
 ParOldGen       total 65536K, used 6219K [0x00000000a1a00000, 0x00000000a5a00000, 0x00000000e0900000)
  object space 65536K, 9% used [0x00000000a1a00000,0x00000000a2012ca0,0x00000000a5a00000)
 Metaspace       used 14318K, capacity 14518K, committed 14720K, reserved 1062912K
  class space    used 1501K, capacity 1573K, committed 1664K, reserved 1048576K
Event: 68.422 GC heap after
Heap after GC invocations=34 (full 0):
 PSYoungGen      total 66560K, used 288K [0x00000000e0900000, 0x00000000e4c80000, 0x0000000100000000)
  eden space 65024K, 0% used [0x00000000e0900000,0x00000000e0900000,0x00000000e4880000)
  from space 1536K, 18% used [0x00000000e4b00000,0x00000000e4b48000,0x00000000e4c80000)
  to   space 2048K, 0% used [0x00000000e4880000,0x00000000e4880000,0x00000000e4a80000)
 ParOldGen       total 65536K, used 6373K [0x00000000a1a00000, 0x00000000a5a00000, 0x00000000e0900000)
  object space 65536K, 9% used [0x00000000a1a00000,0x00000000a20394b0,0x00000000a5a00000)
 Metaspace       used 14318K, capacity 14518K, committed 14720K, reserved 1062912K
  class space    used 1501K, capacity 1573K, committed 1664K, reserved 1048576K
}
Event: 72.016 GC heap before
{Heap before GC invocations=35 (full 0):
 PSYoungGen      total 66560K, used 65312K [0x00000000e0900000, 0x00000000e4c80000, 0x0000000100000000)
  eden space 65024K, 100% used [0x00000000e0900000,0x00000000e4880000,0x00000000e4880000)
  from space 1536K, 18% used [0x00000000e4b00000,0x00000000e4b48000,0x00000000e4c80000)
  to   space 2048K, 0% used [0x00000000e4880000,0x00000000e4880000,0x00000000e4a80000)
 ParOldGen       total 65536K, used 6373K [0x00000000a1a00000, 0x00000000a5a00000, 0x00000000e0900000)
  object space 65536K, 9% used [0x00000000a1a00000,0x00000000a20394b0,0x00000000a5a00000)
 Metaspace       used 14318K, capacity 14518K, committed 14720K, reserved 1062912K
  class space    used 1501K, capacity 1573K, committed 1664K, reserved 1048576K
Event: 72.018 GC heap after
Heap after GC invocations=35 (full 0):
 PSYoungGen      total 67072K, used 432K [0x00000000e0900000, 0x00000000e5c80000, 0x0000000100000000)
  eden space 65024K, 0% used [0x00000000e0900000,0x00000000e0900000,0x00000000e4880000)
  from space 2048K, 21% used [0x00000000e4880000,0x00000000e48ec010,0x00000000e4a80000)
  to   space 2048K, 0% used [0x00000000e5a80000,0x00000000e5a80000,0x00000000e5c80000)
 ParOldGen       total 65536K, used 6539K [0x00000000a1a00000, 0x00000000a5a00000, 0x00000000e0900000)
  object space 65536K, 9% used [0x00000000a1a00000,0x00000000a2062e30,0x00000000a5a00000)
 Metaspace       used 14318K, capacity 14518K, committed 14720K, reserved 1062912K
  class space    used 1501K, capacity 1573K, committed 1664K, reserved 1048576K
}
Event: 75.548 GC heap before
{Heap before GC invocations=36 (full 0):
 PSYoungGen      total 67072K, used 65456K [0x00000000e0900000, 0x00000000e5c80000, 0x0000000100000000)
  eden space 65024K, 100% used [0x00000000e0900000,0x00000000e4880000,0x00000000e4880000)
  from space 2048K, 21% used [0x00000000e4880000,0x00000000e48ec010,0x00000000e4a80000)
  to   space 2048K, 0% used [0x00000000e5a80000,0x00000000e5a80000,0x00000000e5c80000)
 ParOldGen       total 65536K, used 6539K [0x00000000a1a00000, 0x00000000a5a00000, 0x00000000e0900000)
  object space 65536K, 9% used [0x00000000a1a00000,0x00000000a2062e30,0x00000000a5a00000)
 Metaspace       used 14330K, capacity 14528K, committed 14720K, reserved 1062912K
  class space    used 1503K, capacity 1576K, committed 1664K, reserved 1048576K
Event: 75.549 GC heap after
Heap after GC invocations=36 (full 0):
 PSYoungGen      total 83456K, used 384K [0x00000000e0900000, 0x00000000e5c80000, 0x0000000100000000)
  eden space 81408K, 0% used [0x00000000e0900000,0x00000000e0900000,0x00000000e5880000)
  from space 2048K, 18% used [0x00000000e5a80000,0x00000000e5ae0000,0x00000000e5c80000)
  to   space 2048K, 0% used [0x00000000e5880000,0x00000000e5880000,0x00000000e5a80000)
 ParOldGen       total 65536K, used 6603K [0x00000000a1a00000, 0x00000000a5a00000, 0x00000000e0900000)
  object space 65536K, 10% used [0x00000000a1a00000,0x00000000a2072e30,0x00000000a5a00000)
 Metaspace       used 14330K, capacity 14528K, committed 14720K, reserved 1062912K
  class space    used 1503K, capacity 1576K, committed 1664K, reserved 1048576K
}

